This file contains any messages produced by compilers while
running configure, to aid debugging if configure makes a mistake.

It was created by scoplib configure 0.2.3, which was
generated by GNU Autoconf 2.69.  Invocation command line was

  $ ./configure --disable-static --enable-shared --prefix=/home/martin/pocc3-pldi20/pocc-mdt-pldi20/ir/install-scoplib

## --------- ##
## Platform. ##
## --------- ##

hostname = nanohulk
uname -m = x86_64
uname -r = 5.0.0-31-generic
uname -s = Linux
uname -v = #33~18.04.1-Ubuntu SMP Tue Oct 1 10:20:39 UTC 2019

/usr/bin/uname -p = unknown
/bin/uname -X     = unknown

/bin/arch              = unknown
/usr/bin/arch -k       = unknown
/usr/convex/getsysinfo = unknown
/usr/bin/hostinfo      = unknown
/bin/machine           = unknown
/usr/bin/oslevel       = unknown
/bin/universe          = unknown

PATH: /home/martin/.local/bin
PATH: /usr/local/sbin
PATH: /usr/local/bin
PATH: /usr/sbin
PATH: /usr/bin
PATH: /sbin
PATH: /bin
PATH: /usr/games
PATH: /usr/local/games
PATH: /snap/bin
PATH: /home/martin/research/quantum/enfield/build/tools


## ----------- ##
## Core tests. ##
## ----------- ##

configure:2343: checking for a BSD-compatible install
configure:2411: result: /usr/bin/install -c
configure:2422: checking whether build environment is sane
configure:2477: result: yes
configure:2628: checking for a thread-safe mkdir -p
configure:2667: result: /bin/mkdir -p
configure:2674: checking for gawk
configure:2690: found /usr/bin/gawk
configure:2701: result: gawk
configure:2712: checking whether make sets $(MAKE)
configure:2734: result: yes
configure:2763: checking whether make supports nested variables
configure:2780: result: yes
configure:2860: checking whether UID '1000' is supported by ustar format
configure:2863: result: yes
configure:2870: checking whether GID '1000' is supported by ustar format
configure:2873: result: yes
configure:2881: checking how to create a ustar tar archive
configure:2892: tar --version
tar (GNU tar) 1.29
Copyright (C) 2015 Free Software Foundation, Inc.
License GPLv3+: GNU GPL version 3 or later <http://gnu.org/licenses/gpl.html>.
This is free software: you are free to change and redistribute it.
There is NO WARRANTY, to the extent permitted by law.

Written by John Gilmore and Jay Fenlason.
configure:2895: $? = 0
configure:2935: tardir=conftest.dir && eval tar --format=ustar -chf - "$tardir" >conftest.tar
configure:2938: $? = 0
configure:2942: tar -xf - <conftest.tar
configure:2945: $? = 0
configure:2947: cat conftest.dir/file
GrepMe
configure:2950: $? = 0
configure:2963: result: gnutar
configure:3069: checking for gcc
configure:3085: found /usr/bin/gcc
configure:3096: result: gcc
configure:3325: checking for C compiler version
configure:3334: gcc --version >&5
gcc (Ubuntu 7.4.0-1ubuntu1~18.04.1) 7.4.0
Copyright (C) 2017 Free Software Foundation, Inc.
This is free software; see the source for copying conditions.  There is NO
warranty; not even for MERCHANTABILITY or FITNESS FOR A PARTICULAR PURPOSE.

configure:3345: $? = 0
configure:3334: gcc -v >&5
Using built-in specs.
COLLECT_GCC=gcc
COLLECT_LTO_WRAPPER=/usr/lib/gcc/x86_64-linux-gnu/7/lto-wrapper
OFFLOAD_TARGET_NAMES=nvptx-none
OFFLOAD_TARGET_DEFAULT=1
Target: x86_64-linux-gnu
Configured with: ../src/configure -v --with-pkgversion='Ubuntu 7.4.0-1ubuntu1~18.04.1' --with-bugurl=file:///usr/share/doc/gcc-7/README.Bugs --enable-languages=c,ada,c++,go,brig,d,fortran,objc,obj-c++ --prefix=/usr --with-gcc-major-version-only --program-suffix=-7 --program-prefix=x86_64-linux-gnu- --enable-shared --enable-linker-build-id --libexecdir=/usr/lib --without-included-gettext --enable-threads=posix --libdir=/usr/lib --enable-nls --with-sysroot=/ --enable-clocale=gnu --enable-libstdcxx-debug --enable-libstdcxx-time=yes --with-default-libstdcxx-abi=new --enable-gnu-unique-object --disable-vtable-verify --enable-libmpx --enable-plugin --enable-default-pie --with-system-zlib --with-target-system-zlib --enable-objc-gc=auto --enable-multiarch --disable-werror --with-arch-32=i686 --with-abi=m64 --with-multilib-list=m32,m64,mx32 --enable-multilib --with-tune=generic --enable-offload-targets=nvptx-none --without-cuda-driver --enable-checking=release --build=x86_64-linux-gnu --host=x86_64-linux-gnu --target=x86_64-linux-gnu
Thread model: posix
gcc version 7.4.0 (Ubuntu 7.4.0-1ubuntu1~18.04.1) 
configure:3345: $? = 0
configure:3334: gcc -V >&5
gcc: error: unrecognized command line option '-V'
gcc: fatal error: no input files
compilation terminated.
configure:3345: $? = 1
configure:3334: gcc -qversion >&5
gcc: error: unrecognized command line option '-qversion'; did you mean '--version'?
gcc: fatal error: no input files
compilation terminated.
configure:3345: $? = 1
configure:3365: checking whether the C compiler works
configure:3387: gcc    conftest.c  >&5
configure:3391: $? = 0
configure:3439: result: yes
configure:3442: checking for C compiler default output file name
configure:3444: result: a.out
configure:3450: checking for suffix of executables
configure:3457: gcc -o conftest    conftest.c  >&5
configure:3461: $? = 0
configure:3483: result: 
configure:3505: checking whether we are cross compiling
configure:3513: gcc -o conftest    conftest.c  >&5
configure:3517: $? = 0
configure:3524: ./conftest
configure:3528: $? = 0
configure:3543: result: no
configure:3548: checking for suffix of object files
configure:3570: gcc -c   conftest.c >&5
configure:3574: $? = 0
configure:3595: result: o
configure:3599: checking whether we are using the GNU C compiler
configure:3618: gcc -c   conftest.c >&5
configure:3618: $? = 0
configure:3627: result: yes
configure:3636: checking whether gcc accepts -g
configure:3656: gcc -c -g  conftest.c >&5
configure:3656: $? = 0
configure:3697: result: yes
configure:3714: checking for gcc option to accept ISO C89
configure:3777: gcc  -c -g -O2  conftest.c >&5
configure:3777: $? = 0
configure:3790: result: none needed
configure:3815: checking whether gcc understands -c and -o together
configure:3837: gcc -c conftest.c -o conftest2.o
configure:3840: $? = 0
configure:3837: gcc -c conftest.c -o conftest2.o
configure:3840: $? = 0
configure:3852: result: yes
configure:3880: checking for style of include used by make
configure:3908: result: GNU
configure:3934: checking dependency style of gcc
configure:4045: result: gcc3
configure:4060: checking whether ln -s works
configure:4064: result: yes
configure:4071: checking whether make sets $(MAKE)
configure:4093: result: yes
configure:4104: checking for cd
configure:4134: result: no
configure:4168: checking build system type
configure:4182: result: x86_64-pc-linux-gnu
configure:4202: checking host system type
configure:4215: result: x86_64-pc-linux-gnu
configure:4256: checking how to print strings
configure:4283: result: printf
configure:4304: checking for a sed that does not truncate output
configure:4368: result: /bin/sed
configure:4386: checking for grep that handles long lines and -e
configure:4444: result: /bin/grep
configure:4449: checking for egrep
configure:4511: result: /bin/grep -E
configure:4516: checking for fgrep
configure:4578: result: /bin/grep -F
configure:4613: checking for ld used by gcc
configure:4680: result: /usr/bin/ld
configure:4687: checking if the linker (/usr/bin/ld) is GNU ld
configure:4702: result: yes
configure:4714: checking for BSD- or MS-compatible name lister (nm)
configure:4768: result: /usr/bin/nm -B
configure:4898: checking the name lister (/usr/bin/nm -B) interface
configure:4905: gcc -c -g -O2  conftest.c >&5
configure:4908: /usr/bin/nm -B "conftest.o"
configure:4911: output
0000000000000000 B some_variable
configure:4918: result: BSD nm
configure:4922: checking the maximum length of command line arguments
configure:5053: result: 1572864
configure:5101: checking how to convert x86_64-pc-linux-gnu file names to x86_64-pc-linux-gnu format
configure:5141: result: func_convert_file_noop
configure:5148: checking how to convert x86_64-pc-linux-gnu file names to toolchain format
configure:5168: result: func_convert_file_noop
configure:5175: checking for /usr/bin/ld option to reload object files
configure:5182: result: -r
configure:5256: checking for objdump
configure:5272: found /usr/bin/objdump
configure:5283: result: objdump
configure:5315: checking how to recognize dependent libraries
configure:5515: result: pass_all
configure:5600: checking for dlltool
configure:5630: result: no
configure:5660: checking how to associate runtime and link libraries
configure:5687: result: printf %s\n
configure:5748: checking for ar
configure:5764: found /usr/bin/ar
configure:5775: result: ar
configure:5812: checking for archiver @FILE support
configure:5829: gcc -c -g -O2  conftest.c >&5
configure:5829: $? = 0
configure:5832: ar cru libconftest.a @conftest.lst >&5
ar: `u' modifier ignored since `D' is the default (see `U')
configure:5835: $? = 0
configure:5840: ar cru libconftest.a @conftest.lst >&5
ar: `u' modifier ignored since `D' is the default (see `U')
ar: conftest.o: No such file or directory
configure:5843: $? = 1
configure:5855: result: @
configure:5913: checking for strip
configure:5929: found /usr/bin/strip
configure:5940: result: strip
configure:6012: checking for ranlib
configure:6028: found /usr/bin/ranlib
configure:6039: result: ranlib
configure:6141: checking command to parse /usr/bin/nm -B output from gcc object
configure:6294: gcc -c -g -O2  conftest.c >&5
configure:6297: $? = 0
configure:6301: /usr/bin/nm -B conftest.o \| sed -n -e 's/^.*[ ]\([ABCDGIRSTW][ABCDGIRSTW]*\)[ ][ ]*\([_A-Za-z][_A-Za-z0-9]*\)$/\1 \2 \2/p' | sed '/ __gnu_lto/d' \> conftest.nm
configure:6304: $? = 0
configure:6370: gcc -o conftest -g -O2   conftest.c conftstm.o >&5
configure:6373: $? = 0
configure:6411: result: ok
configure:6458: checking for sysroot
configure:6488: result: no
configure:6495: checking for a working dd
configure:6533: result: /bin/dd
configure:6537: checking how to truncate binary pipes
configure:6552: result: /bin/dd bs=4096 count=1
configure:6688: gcc -c -g -O2  conftest.c >&5
configure:6691: $? = 0
configure:6881: checking for mt
configure:6897: found /bin/mt
configure:6908: result: mt
configure:6931: checking if mt is a manifest tool
configure:6937: mt '-?'
configure:6945: result: no
configure:7622: checking how to run the C preprocessor
configure:7653: gcc -E  conftest.c
configure:7653: $? = 0
configure:7667: gcc -E  conftest.c
conftest.c:9:10: fatal error: ac_nonexistent.h: No such file or directory
 #include <ac_nonexistent.h>
          ^~~~~~~~~~~~~~~~~~
compilation terminated.
configure:7667: $? = 1
configure: failed program was:
| /* confdefs.h */
| #define PACKAGE_NAME "scoplib"
| #define PACKAGE_TARNAME "scoplib"
| #define PACKAGE_VERSION "0.2.3"
| #define PACKAGE_STRING "scoplib 0.2.3"
| #define PACKAGE_BUGREPORT "cedric.bastoul@inria.fr,pouchet@cse.ohio-state.edu"
| #define PACKAGE_URL ""
| /* end confdefs.h.  */
| #include <ac_nonexistent.h>
configure:7692: result: gcc -E
configure:7712: gcc -E  conftest.c
configure:7712: $? = 0
configure:7726: gcc -E  conftest.c
conftest.c:9:10: fatal error: ac_nonexistent.h: No such file or directory
 #include <ac_nonexistent.h>
          ^~~~~~~~~~~~~~~~~~
compilation terminated.
configure:7726: $? = 1
configure: failed program was:
| /* confdefs.h */
| #define PACKAGE_NAME "scoplib"
| #define PACKAGE_TARNAME "scoplib"
| #define PACKAGE_VERSION "0.2.3"
| #define PACKAGE_STRING "scoplib 0.2.3"
| #define PACKAGE_BUGREPORT "cedric.bastoul@inria.fr,pouchet@cse.ohio-state.edu"
| #define PACKAGE_URL ""
| /* end confdefs.h.  */
| #include <ac_nonexistent.h>
configure:7755: checking for ANSI C header files
configure:7775: gcc -c -g -O2  conftest.c >&5
configure:7775: $? = 0
configure:7848: gcc -o conftest -g -O2   conftest.c  >&5
configure:7848: $? = 0
configure:7848: ./conftest
configure:7848: $? = 0
configure:7859: result: yes
configure:7872: checking for sys/types.h
configure:7872: gcc -c -g -O2  conftest.c >&5
configure:7872: $? = 0
configure:7872: result: yes
configure:7872: checking for sys/stat.h
configure:7872: gcc -c -g -O2  conftest.c >&5
configure:7872: $? = 0
configure:7872: result: yes
configure:7872: checking for stdlib.h
configure:7872: gcc -c -g -O2  conftest.c >&5
configure:7872: $? = 0
configure:7872: result: yes
configure:7872: checking for string.h
configure:7872: gcc -c -g -O2  conftest.c >&5
configure:7872: $? = 0
configure:7872: result: yes
configure:7872: checking for memory.h
configure:7872: gcc -c -g -O2  conftest.c >&5
configure:7872: $? = 0
configure:7872: result: yes
configure:7872: checking for strings.h
configure:7872: gcc -c -g -O2  conftest.c >&5
configure:7872: $? = 0
configure:7872: result: yes
configure:7872: checking for inttypes.h
configure:7872: gcc -c -g -O2  conftest.c >&5
configure:7872: $? = 0
configure:7872: result: yes
configure:7872: checking for stdint.h
configure:7872: gcc -c -g -O2  conftest.c >&5
configure:7872: $? = 0
configure:7872: result: yes
configure:7872: checking for unistd.h
configure:7872: gcc -c -g -O2  conftest.c >&5
configure:7872: $? = 0
configure:7872: result: yes
configure:7886: checking for dlfcn.h
configure:7886: gcc -c -g -O2  conftest.c >&5
configure:7886: $? = 0
configure:7886: result: yes
configure:8142: checking for objdir
configure:8157: result: .libs
configure:8421: checking if gcc supports -fno-rtti -fno-exceptions
configure:8439: gcc -c -g -O2  -fno-rtti -fno-exceptions conftest.c >&5
cc1: warning: command line option '-fno-rtti' is valid for C++/ObjC++ but not for C
configure:8443: $? = 0
configure:8456: result: no
configure:8814: checking for gcc option to produce PIC
configure:8821: result: -fPIC -DPIC
configure:8829: checking if gcc PIC flag -fPIC -DPIC works
configure:8847: gcc -c -g -O2  -fPIC -DPIC -DPIC conftest.c >&5
configure:8851: $? = 0
configure:8864: result: yes
configure:8893: checking if gcc static flag -static works
configure:8921: result: yes
configure:8936: checking if gcc supports -c -o file.o
configure:8957: gcc -c -g -O2  -o out/conftest2.o conftest.c >&5
configure:8961: $? = 0
configure:8983: result: yes
configure:8991: checking if gcc supports -c -o file.o
configure:9038: result: yes
configure:9071: checking whether the gcc linker (/usr/bin/ld -m elf_x86_64) supports shared libraries
configure:10334: result: yes
configure:10371: checking whether -lc should be explicitly linked in
configure:10379: gcc -c -g -O2  conftest.c >&5
configure:10382: $? = 0
configure:10397: gcc -shared  -fPIC -DPIC conftest.o  -v -Wl,-soname -Wl,conftest -o conftest 2\>\&1 \| /bin/grep  -lc  \>/dev/null 2\>\&1
configure:10400: $? = 0
configure:10414: result: no
configure:10574: checking dynamic linker characteristics
configure:11155: gcc -o conftest -g -O2   -Wl,-rpath -Wl,/foo conftest.c  >&5
configure:11155: $? = 0
configure:11404: result: GNU/Linux ld.so
configure:11526: checking how to hardcode library paths into programs
configure:11551: result: immediate
configure:12099: checking whether stripping libraries is possible
configure:12104: result: yes
configure:12139: checking if libtool supports shared libraries
configure:12141: result: yes
configure:12144: checking whether to build shared libraries
configure:12169: result: yes
configure:12172: checking whether to build static libraries
configure:12176: result: no
configure:12217: checking for doxygen
configure:12233: found /usr/bin/doxygen
configure:12244: result: doxygen
configure:12257: checking for an ANSI C-conforming const
configure:12323: gcc -c -g -O2  conftest.c >&5
configure:12323: $? = 0
configure:12330: result: yes
configure:12338: checking for size_t
configure:12338: gcc -c -g -O2  conftest.c >&5
configure:12338: $? = 0
configure:12338: gcc -c -g -O2  conftest.c >&5
conftest.c: In function 'main':
conftest.c:57:21: error: expected expression before ')' token
 if (sizeof ((size_t)))
                     ^
configure:12338: $? = 1
configure: failed program was:
| /* confdefs.h */
| #define PACKAGE_NAME "scoplib"
| #define PACKAGE_TARNAME "scoplib"
| #define PACKAGE_VERSION "0.2.3"
| #define PACKAGE_STRING "scoplib 0.2.3"
| #define PACKAGE_BUGREPORT "cedric.bastoul@inria.fr,pouchet@cse.ohio-state.edu"
| #define PACKAGE_URL ""
| #define STDC_HEADERS 1
| #define HAVE_SYS_TYPES_H 1
| #define HAVE_SYS_STAT_H 1
| #define HAVE_STDLIB_H 1
| #define HAVE_STRING_H 1
| #define HAVE_MEMORY_H 1
| #define HAVE_STRINGS_H 1
| #define HAVE_INTTYPES_H 1
| #define HAVE_STDINT_H 1
| #define HAVE_UNISTD_H 1
| #define HAVE_DLFCN_H 1
| #define LT_OBJDIR ".libs/"
| /* end confdefs.h.  */
| #include <stdio.h>
| #ifdef HAVE_SYS_TYPES_H
| # include <sys/types.h>
| #endif
| #ifdef HAVE_SYS_STAT_H
| # include <sys/stat.h>
| #endif
| #ifdef STDC_HEADERS
| # include <stdlib.h>
| # include <stddef.h>
| #else
| # ifdef HAVE_STDLIB_H
| #  include <stdlib.h>
| # endif
| #endif
| #ifdef HAVE_STRING_H
| # if !defined STDC_HEADERS && defined HAVE_MEMORY_H
| #  include <memory.h>
| # endif
| # include <string.h>
| #endif
| #ifdef HAVE_STRINGS_H
| # include <strings.h>
| #endif
| #ifdef HAVE_INTTYPES_H
| # include <inttypes.h>
| #endif
| #ifdef HAVE_STDINT_H
| # include <stdint.h>
| #endif
| #ifdef HAVE_UNISTD_H
| # include <unistd.h>
| #endif
| int
| main ()
| {
| if (sizeof ((size_t)))
| 	    return 0;
|   ;
|   return 0;
| }
configure:12338: result: yes
configure:12350: checking for ANSI C header files
configure:12454: result: yes
configure:12465: checking errno.h usability
configure:12465: gcc -c -g -O2  conftest.c >&5
configure:12465: $? = 0
configure:12465: result: yes
configure:12465: checking errno.h presence
configure:12465: gcc -E  conftest.c
configure:12465: $? = 0
configure:12465: result: yes
configure:12465: checking for errno.h
configure:12465: result: yes
configure:12465: checking stddef.h usability
configure:12465: gcc -c -g -O2  conftest.c >&5
configure:12465: $? = 0
configure:12465: result: yes
configure:12465: checking stddef.h presence
configure:12465: gcc -E  conftest.c
configure:12465: $? = 0
configure:12465: result: yes
configure:12465: checking for stddef.h
configure:12465: result: yes
configure:12465: checking for stdlib.h
configure:12465: result: yes
configure:12465: checking for string.h
configure:12465: result: yes
configure:12465: checking for strings.h
configure:12465: result: yes
configure:12465: checking for unistd.h
configure:12465: result: yes
configure:12478: checking for strtol
configure:12478: gcc -o conftest -g -O2   conftest.c  >&5
configure:12478: $? = 0
configure:12478: result: yes
configure:12560: checking whether gmp works
configure:12571: checking gmp.h usability
configure:12571: gcc -c -g -O2  -DSCOPLIB_INT_T_IS_LONGLONG conftest.c >&5
configure:12571: $? = 0
configure:12571: result: yes
configure:12571: checking gmp.h presence
configure:12571: gcc -E  -DSCOPLIB_INT_T_IS_LONGLONG conftest.c
configure:12571: $? = 0
configure:12571: result: yes
configure:12571: checking for gmp.h
configure:12571: result: yes
configure:12573: checking for library containing __gmpz_init
configure:12604: gcc -o conftest -g -O2  -DSCOPLIB_INT_T_IS_LONGLONG  conftest.c  >&5
/tmp/ccrvWAVj.o: In function `main':
/home/martin/pocc3-pldi20/pocc-mdt-pldi20/ir/scoplib/conftest.c:40: undefined reference to `__gmpz_init'
collect2: error: ld returned 1 exit status
configure:12604: $? = 1
configure: failed program was:
| /* confdefs.h */
| #define PACKAGE_NAME "scoplib"
| #define PACKAGE_TARNAME "scoplib"
| #define PACKAGE_VERSION "0.2.3"
| #define PACKAGE_STRING "scoplib 0.2.3"
| #define PACKAGE_BUGREPORT "cedric.bastoul@inria.fr,pouchet@cse.ohio-state.edu"
| #define PACKAGE_URL ""
| #define STDC_HEADERS 1
| #define HAVE_SYS_TYPES_H 1
| #define HAVE_SYS_STAT_H 1
| #define HAVE_STDLIB_H 1
| #define HAVE_STRING_H 1
| #define HAVE_MEMORY_H 1
| #define HAVE_STRINGS_H 1
| #define HAVE_INTTYPES_H 1
| #define HAVE_STDINT_H 1
| #define HAVE_UNISTD_H 1
| #define HAVE_DLFCN_H 1
| #define LT_OBJDIR ".libs/"
| #define STDC_HEADERS 1
| #define HAVE_ERRNO_H 1
| #define HAVE_STDDEF_H 1
| #define HAVE_STDLIB_H 1
| #define HAVE_STRING_H 1
| #define HAVE_STRINGS_H 1
| #define HAVE_UNISTD_H 1
| #define HAVE_STRTOL 1
| /* end confdefs.h.  */
| 
| /* Override any GCC internal prototype to avoid an error.
|    Use char because int might match the return type of a GCC
|    builtin and then its argument prototype would still apply.  */
| #ifdef __cplusplus
| extern "C"
| #endif
| char __gmpz_init ();
| int
| main ()
| {
| return __gmpz_init ();
|   ;
|   return 0;
| }
configure:12604: gcc -o conftest -g -O2  -DSCOPLIB_INT_T_IS_LONGLONG  conftest.c -lgmp   >&5
configure:12604: $? = 0
configure:12621: result: -lgmp
configure:12884: checking that generated files are newer than configure
configure:12890: result: done
configure:12913: creating ./config.status

## ---------------------- ##
## Running config.status. ##
## ---------------------- ##

This file was extended by scoplib config.status 0.2.3, which was
generated by GNU Autoconf 2.69.  Invocation command line was

  CONFIG_FILES    = 
  CONFIG_HEADERS  = 
  CONFIG_LINKS    = 
  CONFIG_COMMANDS = 
  $ ./config.status 

on nanohulk

config.status:1017: creating Makefile
config.status:1017: creating doc/Makefile
config.status:1017: creating doc/Doxyfile
config.status:1017: creating include/Makefile
config.status:1017: creating include/scoplib/scop.h
config.status:1017: creating source/Makefile
config.status:1189: executing depfiles commands
config.status:1189: executing libtool commands

## ---------------- ##
## Cache variables. ##
## ---------------- ##

ac_cv_build=x86_64-pc-linux-gnu
ac_cv_c_compiler_gnu=yes
ac_cv_c_const=yes
ac_cv_env_CC_set=
ac_cv_env_CC_value=
ac_cv_env_CFLAGS_set=
ac_cv_env_CFLAGS_value=
ac_cv_env_CPPFLAGS_set=
ac_cv_env_CPPFLAGS_value=
ac_cv_env_CPP_set=
ac_cv_env_CPP_value=
ac_cv_env_LDFLAGS_set=
ac_cv_env_LDFLAGS_value=
ac_cv_env_LIBS_set=
ac_cv_env_LIBS_value=
ac_cv_env_LT_SYS_LIBRARY_PATH_set=
ac_cv_env_LT_SYS_LIBRARY_PATH_value=
ac_cv_env_build_alias_set=
ac_cv_env_build_alias_value=
ac_cv_env_host_alias_set=
ac_cv_env_host_alias_value=
ac_cv_env_target_alias_set=
ac_cv_env_target_alias_value=
ac_cv_func_strtol=yes
ac_cv_header_dlfcn_h=yes
ac_cv_header_errno_h=yes
ac_cv_header_gmp_h=yes
ac_cv_header_inttypes_h=yes
ac_cv_header_memory_h=yes
ac_cv_header_stdc=yes
ac_cv_header_stddef_h=yes
ac_cv_header_stdint_h=yes
ac_cv_header_stdlib_h=yes
ac_cv_header_string_h=yes
ac_cv_header_strings_h=yes
ac_cv_header_sys_stat_h=yes
ac_cv_header_sys_types_h=yes
ac_cv_header_unistd_h=yes
ac_cv_host=x86_64-pc-linux-gnu
ac_cv_objext=o
ac_cv_path_EGREP='/bin/grep -E'
ac_cv_path_FGREP='/bin/grep -F'
ac_cv_path_GREP=/bin/grep
ac_cv_path_SED=/bin/sed
ac_cv_path_install='/usr/bin/install -c'
ac_cv_path_lt_DD=/bin/dd
ac_cv_path_mkdir=/bin/mkdir
ac_cv_prog_AWK=gawk
ac_cv_prog_CPP='gcc -E'
ac_cv_prog_DOXYGEN=doxygen
ac_cv_prog_ac_ct_AR=ar
ac_cv_prog_ac_ct_CC=gcc
ac_cv_prog_ac_ct_MANIFEST_TOOL=mt
ac_cv_prog_ac_ct_OBJDUMP=objdump
ac_cv_prog_ac_ct_RANLIB=ranlib
ac_cv_prog_ac_ct_STRIP=strip
ac_cv_prog_cc_c89=
ac_cv_prog_cc_g=yes
ac_cv_prog_make_make_set=yes
ac_cv_search___gmpz_init=-lgmp
ac_cv_type_size_t=yes
am_cv_CC_dependencies_compiler_type=gcc3
am_cv_make_support_nested_variables=yes
am_cv_prog_cc_c_o=yes
am_cv_prog_tar_ustar=gnutar
lt_cv_ar_at_file=@
lt_cv_archive_cmds_need_lc=no
lt_cv_deplibs_check_method=pass_all
lt_cv_file_magic_cmd='$MAGIC_CMD'
lt_cv_file_magic_test_file=
lt_cv_ld_reload_flag=-r
lt_cv_nm_interface='BSD nm'
lt_cv_objdir=.libs
lt_cv_path_LD=/usr/bin/ld
lt_cv_path_NM='/usr/bin/nm -B'
lt_cv_path_mainfest_tool=no
lt_cv_prog_compiler_c_o=yes
lt_cv_prog_compiler_pic='-fPIC -DPIC'
lt_cv_prog_compiler_pic_works=yes
lt_cv_prog_compiler_rtti_exceptions=no
lt_cv_prog_compiler_static_works=yes
lt_cv_prog_gnu_ld=yes
lt_cv_sharedlib_from_linklib_cmd='printf %s\n'
lt_cv_shlibpath_overrides_runpath=yes
lt_cv_sys_global_symbol_pipe='sed -n -e '\''s/^.*[	 ]\([ABCDGIRSTW][ABCDGIRSTW]*\)[	 ][	 ]*\([_A-Za-z][_A-Za-z0-9]*\)$/\1 \2 \2/p'\'' | sed '\''/ __gnu_lto/d'\'''
lt_cv_sys_global_symbol_to_c_name_address='sed -n -e '\''s/^: \(.*\) .*$/  {"\1", (void *) 0},/p'\'' -e '\''s/^[ABCDGIRSTW][ABCDGIRSTW]* .* \(.*\)$/  {"\1", (void *) \&\1},/p'\'''
lt_cv_sys_global_symbol_to_c_name_address_lib_prefix='sed -n -e '\''s/^: \(.*\) .*$/  {"\1", (void *) 0},/p'\'' -e '\''s/^[ABCDGIRSTW][ABCDGIRSTW]* .* \(lib.*\)$/  {"\1", (void *) \&\1},/p'\'' -e '\''s/^[ABCDGIRSTW][ABCDGIRSTW]* .* \(.*\)$/  {"lib\1", (void *) \&\1},/p'\'''
lt_cv_sys_global_symbol_to_cdecl='sed -n -e '\''s/^T .* \(.*\)$/extern int \1();/p'\'' -e '\''s/^[ABCDGIRSTW][ABCDGIRSTW]* .* \(.*\)$/extern char \1;/p'\'''
lt_cv_sys_global_symbol_to_import=
lt_cv_sys_max_cmd_len=1572864
lt_cv_to_host_file_cmd=func_convert_file_noop
lt_cv_to_tool_file_cmd=func_convert_file_noop
lt_cv_truncate_bin='/bin/dd bs=4096 count=1'

## ----------------- ##
## Output variables. ##
## ----------------- ##

ACLOCAL='${SHELL} /home/martin/pocc3-pldi20/pocc-mdt-pldi20/ir/scoplib/autoconf/missing aclocal-1.15'
AMDEPBACKSLASH='\'
AMDEP_FALSE='#'
AMDEP_TRUE=''
AMTAR='$${TAR-tar}'
AM_BACKSLASH='\'
AM_DEFAULT_V='$(AM_DEFAULT_VERBOSITY)'
AM_DEFAULT_VERBOSITY='1'
AM_V='$(V)'
AR='ar'
AUTOCONF='${SHELL} /home/martin/pocc3-pldi20/pocc-mdt-pldi20/ir/scoplib/autoconf/missing autoconf'
AUTOHEADER='${SHELL} /home/martin/pocc3-pldi20/pocc-mdt-pldi20/ir/scoplib/autoconf/missing autoheader'
AUTOMAKE='${SHELL} /home/martin/pocc3-pldi20/pocc-mdt-pldi20/ir/scoplib/autoconf/missing automake-1.15'
AWK='gawk'
BITS='64'
CC='gcc'
CCDEPMODE='depmode=gcc3'
CD=''
CFLAGS='-g -O2'
CPP='gcc -E'
CPPFLAGS=' -DSCOPLIB_INT_T_IS_LONGLONG'
CYGPATH_W='echo'
DEFS='-DPACKAGE_NAME=\"scoplib\" -DPACKAGE_TARNAME=\"scoplib\" -DPACKAGE_VERSION=\"0.2.3\" -DPACKAGE_STRING=\"scoplib\ 0.2.3\" -DPACKAGE_BUGREPORT=\"cedric.bastoul@inria.fr,pouchet@cse.ohio-state.edu\" -DPACKAGE_URL=\"\" -DSTDC_HEADERS=1 -DHAVE_SYS_TYPES_H=1 -DHAVE_SYS_STAT_H=1 -DHAVE_STDLIB_H=1 -DHAVE_STRING_H=1 -DHAVE_MEMORY_H=1 -DHAVE_STRINGS_H=1 -DHAVE_INTTYPES_H=1 -DHAVE_STDINT_H=1 -DHAVE_UNISTD_H=1 -DHAVE_DLFCN_H=1 -DLT_OBJDIR=\".libs/\" -DSTDC_HEADERS=1 -DHAVE_ERRNO_H=1 -DHAVE_STDDEF_H=1 -DHAVE_STDLIB_H=1 -DHAVE_STRING_H=1 -DHAVE_STRINGS_H=1 -DHAVE_UNISTD_H=1 -DHAVE_STRTOL=1'
DEPDIR='.deps'
DLLTOOL='false'
DOXYGEN='doxygen'
DSYMUTIL=''
DUMPBIN=''
ECHO_C=''
ECHO_N='-n'
ECHO_T=''
EGREP='/bin/grep -E'
EXEEXT=''
FGREP='/bin/grep -F'
GREP='/bin/grep'
INSTALL_DATA='${INSTALL} -m 644'
INSTALL_PROGRAM='${INSTALL}'
INSTALL_SCRIPT='${INSTALL}'
INSTALL_STRIP_PROGRAM='$(install_sh) -c -s'
LD='/usr/bin/ld -m elf_x86_64'
LDFLAGS=''
LIBOBJS=''
LIBS='-lgmp  -lgmp'
LIBTOOL='$(SHELL) $(top_builddir)/libtool'
LIPO=''
LN_S='ln -s'
LTLIBOBJS=''
LT_SYS_LIBRARY_PATH=''
MAKEINFO='${SHELL} /home/martin/pocc3-pldi20/pocc-mdt-pldi20/ir/scoplib/autoconf/missing makeinfo'
MANIFEST_TOOL=':'
MKDIR_P='/bin/mkdir -p'
NM='/usr/bin/nm -B'
NMEDIT=''
OBJDUMP='objdump'
OBJEXT='o'
OTOOL64=''
OTOOL=''
PACKAGE='scoplib'
PACKAGE_BUGREPORT='cedric.bastoul@inria.fr,pouchet@cse.ohio-state.edu'
PACKAGE_NAME='scoplib'
PACKAGE_STRING='scoplib 0.2.3'
PACKAGE_TARNAME='scoplib'
PACKAGE_URL=''
PACKAGE_VERSION='0.2.3'
PATH_SEPARATOR=':'
RANLIB='ranlib'
SCOPLIB_INT_T='SCOPLIB_INT_T_IS_LONGLONG'
SED='/bin/sed'
SET_MAKE=''
SHELL='/bin/bash'
STRIP='strip'
VERSION='0.2.3'
ac_aux_dir='autoconf'
ac_ct_AR='ar'
ac_ct_CC='gcc'
ac_ct_DUMPBIN=''
am__EXEEXT_FALSE=''
am__EXEEXT_TRUE='#'
am__fastdepCC_FALSE='#'
am__fastdepCC_TRUE=''
am__include='include'
am__isrc=''
am__leading_dot='.'
am__nodep='_no'
am__quote=''
am__tar='tar --format=ustar -chf - "$$tardir"'
am__untar='tar -xf -'
bindir='${exec_prefix}/bin'
build='x86_64-pc-linux-gnu'
build_alias=''
build_cpu='x86_64'
build_os='linux-gnu'
build_vendor='pc'
datadir='${datarootdir}'
datarootdir='${prefix}/share'
docdir='${datarootdir}/doc/${PACKAGE_TARNAME}'
dvidir='${docdir}'
exec_prefix='${prefix}'
host='x86_64-pc-linux-gnu'
host_alias=''
host_cpu='x86_64'
host_os='linux-gnu'
host_vendor='pc'
htmldir='${docdir}'
includedir='${prefix}/include'
infodir='${datarootdir}/info'
install_sh='${SHELL} /home/martin/pocc3-pldi20/pocc-mdt-pldi20/ir/scoplib/autoconf/install-sh'
libdir='${exec_prefix}/lib'
libexecdir='${exec_prefix}/libexec'
localedir='${datarootdir}/locale'
localstatedir='${prefix}/var'
mandir='${datarootdir}/man'
mkdir_p='$(MKDIR_P)'
oldincludedir='/usr/include'
pdfdir='${docdir}'
prefix='/home/martin/pocc3-pldi20/pocc-mdt-pldi20/ir/install-scoplib'
program_transform_name='s,x,x,'
psdir='${docdir}'
runstatedir='${localstatedir}/run'
sbindir='${exec_prefix}/sbin'
sharedstatedir='${prefix}/com'
sysconfdir='${prefix}/etc'
target_alias=''

## ----------- ##
## confdefs.h. ##
## ----------- ##

/* confdefs.h */
#define PACKAGE_NAME "scoplib"
#define PACKAGE_TARNAME "scoplib"
#define PACKAGE_VERSION "0.2.3"
#define PACKAGE_STRING "scoplib 0.2.3"
#define PACKAGE_BUGREPORT "cedric.bastoul@inria.fr,pouchet@cse.ohio-state.edu"
#define PACKAGE_URL ""
#define STDC_HEADERS 1
#define HAVE_SYS_TYPES_H 1
#define HAVE_SYS_STAT_H 1
#define HAVE_STDLIB_H 1
#define HAVE_STRING_H 1
#define HAVE_MEMORY_H 1
#define HAVE_STRINGS_H 1
#define HAVE_INTTYPES_H 1
#define HAVE_STDINT_H 1
#define HAVE_UNISTD_H 1
#define HAVE_DLFCN_H 1
#define LT_OBJDIR ".libs/"
#define STDC_HEADERS 1
#define HAVE_ERRNO_H 1
#define HAVE_STDDEF_H 1
#define HAVE_STDLIB_H 1
#define HAVE_STRING_H 1
#define HAVE_STRINGS_H 1
#define HAVE_UNISTD_H 1
#define HAVE_STRTOL 1

configure: exit 0
